<?xml version="1.0" encoding="utf-8"?><testsuites name="pytest tests"><testsuite name="pytest" errors="0" failures="0" skipped="0" tests="25" time="6.929" timestamp="2026-07-16T14:43:12.052825+00:00" hostname="agent-env-fd6a03a3-ac55-4468-a5d1-36a1532b2f30"><testcase classname="backend.tests.test_amparai_api.TestRoot" name="test_root_ok" time="0.296" /><testcase classname="backend.tests.test_amparai_api.TestAuthGuards" name="test_no_header_returns_401[GET-/api/hoje]" time="0.119" /><testcase classname="backend.tests.test_amparai_api.TestAuthGuards" name="test_no_header_returns_401[GET-/api/escala]" time="0.138" /><testcase classname="backend.tests.test_amparai_api.TestAuthGuards" name="test_no_header_returns_401[GET-/api/saude]" time="0.186" /><testcase classname="backend.tests.test_amparai_api.TestAuthGuards" name="test_no_header_returns_401[GET-/api/custos]" time="0.103" /><testcase classname="backend.tests.test_amparai_api.TestAuthGuards" name="test_no_header_returns_401[GET-/api/summary/weekly]" time="0.176" /><testcase classname="backend.tests.test_amparai_api.TestAuthGuards" name="test_no_header_returns_401[GET-/api/auth/me]" time="0.137" /><testcase classname="backend.tests.test_amparai_api.TestAuthGuards" name="test_no_header_returns_401[POST-/api/sos]" time="0.163" /><testcase classname="backend.tests.test_amparai_api.TestAuthGuards" name="test_invalid_token_returns_401[GET-/api/hoje]" time="0.162" /><testcase classname="backend.tests.test_amparai_api.TestAuthGuards" name="test_invalid_token_returns_401[GET-/api/escala]" time="0.120" /><testcase classname="backend.tests.test_amparai_api.TestAuthGuards" name="test_invalid_token_returns_401[GET-/api/saude]" time="0.096" /><testcase classname="backend.tests.test_amparai_api.TestAuthGuards" name="test_invalid_token_returns_401[GET-/api/custos]" time="0.102" /><testcase classname="backend.tests.test_amparai_api.TestAuthGuards" name="test_invalid_token_returns_401[GET-/api/summary/weekly]" time="0.187" /><testcase classname="backend.tests.test_amparai_api.TestAuthGuards" name="test_invalid_token_returns_401[GET-/api/auth/me]" time="0.131" /><testcase classname="backend.tests.test_amparai_api.TestAuthGuards" name="test_invalid_token_returns_401[POST-/api/sos]" time="0.118" /><testcase classname="backend.tests.test_amparai_api.TestAuthGuards" name="test_toggle_no_auth_401" time="0.125" /><testcase classname="backend.tests.test_amparai_api.TestAuthGuards" name="test_session_invalid_token" time="1.725" /><testcase classname="backend.tests.test_amparai_api.TestHoje" name="test_hoje_shape" time="0.132" /><testcase classname="backend.tests.test_amparai_api.TestToggle" name="test_toggle_flips_twice" time="0.279" /><testcase classname="backend.tests.test_amparai_api.TestEscala" name="test_escala_has_gap_and_contribution" time="0.106" /><testcase classname="backend.tests.test_amparai_api.TestSaude" name="test_saude_sources" time="0.105" /><testcase classname="backend.tests.test_amparai_api.TestCustos" name="test_custos_totals_and_split" time="0.155" /><testcase classname="backend.tests.test_amparai_api.TestSummary" name="test_summary_pt_and_no_forbidden" time="1.663" /><testcase classname="backend.tests.test_amparai_api.TestSOS" name="test_sos_payload" time="0.124" /><testcase classname="backend.tests.test_amparai_api.TestZLogout" name="test_logout_invalidates_token" time="0.214" /></testsuite></testsuites>