<?xml version="1.0" encoding="utf-8"?><testsuites name="pytest tests"><testsuite name="pytest" errors="0" failures="0" skipped="0" tests="19" time="14.647" timestamp="2026-07-16T15:09:31.397183+00:00" hostname="agent-env-fd6a03a3-ac55-4468-a5d1-36a1532b2f30"><testcase classname="backend.tests.test_amparai_iter2.TestOnboarding" name="test_status_requires_auth" time="0.162" /><testcase classname="backend.tests.test_amparai_iter2.TestOnboarding" name="test_status_shape" time="0.123" /><testcase classname="backend.tests.test_amparai_iter2.TestClinical" name="test_get_seeds_default" time="0.105" /><testcase classname="backend.tests.test_amparai_iter2.TestClinical" name="test_get_is_idempotent" time="0.456" /><testcase classname="backend.tests.test_amparai_iter2.TestClinical" name="test_put_reflects_in_get" time="0.250" /><testcase classname="backend.tests.test_amparai_iter2.TestElderUpdate" name="test_put_consent_and_onboarding_reflects" time="0.196" /><testcase classname="backend.tests.test_amparai_iter2.TestMembers" name="test_list_returns_list" time="0.133" /><testcase classname="backend.tests.test_amparai_iter2.TestMembers" name="test_add_and_delete_member" time="0.349" /><testcase classname="backend.tests.test_amparai_iter2.TestInvitations" name="test_create_and_public_fetch" time="2.760" /><testcase classname="backend.tests.test_amparai_iter2.TestInvitations" name="test_public_fetch_unknown_returns_404" time="0.188" /><testcase classname="backend.tests.test_amparai_iter2.TestWhatsappNudge" name="test_nudge_url_and_message" time="0.121" /><testcase classname="backend.tests.test_amparai_iter2.TestExpenseCreate" name="test_create_and_get" time="0.163" /><testcase classname="backend.tests.test_amparai_iter2.TestPulseira" name="test_public_pulseira" time="0.279" /><testcase classname="backend.tests.test_amparai_iter2.TestPulseira" name="test_public_pulseira_404" time="0.101" /><testcase classname="backend.tests.test_amparai_iter2.TestPulseira" name="test_scan_public_and_authed_list" time="0.428" /><testcase classname="backend.tests.test_amparai_iter2.TestSOS" name="test_sos_has_recent_scans_elder_info" time="0.102" /><testcase classname="backend.tests.test_amparai_iter2.TestOCR" name="test_ocr_receipt_no_500" time="2.434" /><testcase classname="backend.tests.test_amparai_iter2.TestOCR" name="test_ocr_with_data_uri_prefix" time="0.976" /><testcase classname="backend.tests.test_amparai_iter2.TestGuardrails" name="test_weekly_summary_no_forbidden" time="5.250" /></testsuite></testsuites>